c:\users\student\downloads\3dgame\debug\vc140.pdb
c:\users\student\downloads\3dgame\debug\vc140.idb
c:\users\student\downloads\3dgame\debug\billboard.obj
c:\users\student\downloads\3dgame\debug\bullet.obj
c:\users\student\downloads\3dgame\debug\camera.obj
c:\users\student\downloads\3dgame\debug\explosion.obj
c:\users\student\downloads\3dgame\debug\input.obj
c:\users\student\downloads\3dgame\debug\light.obj
c:\users\student\downloads\3dgame\debug\main.obj
c:\users\student\downloads\3dgame\debug\model.obj
c:\users\student\downloads\3dgame\debug\polygon.obj
c:\users\student\downloads\3dgame\debug\shadow.obj
c:\users\student\documents\visual studio 2015\projects\3dgame\debug\vc140.pdb
c:\users\student\documents\visual studio 2015\projects\3dgame\debug\vc140.idb
c:\users\student\documents\visual studio 2015\projects\3dgame\debug\billboard.obj
c:\users\student\documents\visual studio 2015\projects\3dgame\debug\bullet.obj
c:\users\student\documents\visual studio 2015\projects\3dgame\debug\camera.obj
c:\users\student\documents\visual studio 2015\projects\3dgame\debug\explosion.obj
c:\users\student\documents\visual studio 2015\projects\3dgame\debug\field.obj
c:\users\student\documents\visual studio 2015\projects\3dgame\debug\input.obj
c:\users\student\documents\visual studio 2015\projects\3dgame\debug\light.obj
c:\users\student\documents\visual studio 2015\projects\3dgame\debug\main.obj
c:\users\student\documents\visual studio 2015\projects\3dgame\debug\model.obj
c:\users\student\documents\visual studio 2015\projects\3dgame\debug\polygon.obj
c:\users\student\documents\visual studio 2015\projects\3dgame\debug\shadow.obj
c:\users\student\documents\visual studio 2015\projects\3dgame\debug\wall.obj
c:\users\student\documents\visual studio 2015\projects\3dgame\debug\indexmeshfield.obj
c:\users\student\documents\visual studio 2015\projects\3dgame\debug\meshfield.obj
c:\users\student\documents\visual studio 2015\projects\3dgame\debug\meshcylinder.obj
c:\users\student\documents\visual studio 2015\projects\3dgame\debug\meshwall.obj
c:\users\student\documents\visual studio 2015\projects\3dgame\debug\station.obj
c:\users\student\downloads\3dgame\debug\3dgame.ilk
c:\users\student\downloads\3dgame\debug\3dgame.exe
c:\users\student\downloads\3dgame\debug\3dgame.pdb
c:\users\student\documents\visual studio 2015\projects\3dgame\debug\3dgame.ilk
c:\users\student\documents\visual studio 2015\projects\3dgame\debug\3dgame.exe
c:\users\student\documents\visual studio 2015\projects\3dgame\debug\3dgame.pdb
c:\users\student\documents\visual studio 2015\projects\3dgame\debug\bullet.obj.enc
c:\users\student\documents\visual studio 2015\projects\3dgame\debug\3dgame.tlog\cl.command.1.tlog
c:\users\student\documents\visual studio 2015\projects\3dgame\debug\3dgame.tlog\cl.read.1.tlog
c:\users\student\documents\visual studio 2015\projects\3dgame\debug\3dgame.tlog\cl.write.1.tlog
c:\users\student\documents\visual studio 2015\projects\3dgame\debug\3dgame.tlog\link.command.1.tlog
c:\users\student\documents\visual studio 2015\projects\3dgame\debug\3dgame.tlog\link.read.1.tlog
c:\users\student\documents\visual studio 2015\projects\3dgame\debug\3dgame.tlog\link.write.1.tlog
