c:\users\student\documents\visual studio 2015\projects\3dgame\release\vc140.pdb
c:\users\student\documents\visual studio 2015\projects\3dgame\release\shadow.obj
c:\users\student\documents\visual studio 2015\projects\3dgame\release\polygon.obj
c:\users\student\documents\visual studio 2015\projects\3dgame\release\model.obj
c:\users\student\documents\visual studio 2015\projects\3dgame\release\main.obj
c:\users\student\documents\visual studio 2015\projects\3dgame\release\light.obj
c:\users\student\documents\visual studio 2015\projects\3dgame\release\input.obj
c:\users\student\documents\visual studio 2015\projects\3dgame\release\field.obj
c:\users\student\documents\visual studio 2015\projects\3dgame\release\explosion.obj
c:\users\student\documents\visual studio 2015\projects\3dgame\release\camera.obj
c:\users\student\documents\visual studio 2015\projects\3dgame\release\bullet.obj
c:\users\student\documents\visual studio 2015\projects\3dgame\release\billboard.obj
c:\users\student\documents\visual studio 2015\projects\3dgame\release\3dgame.exe
c:\users\student\documents\visual studio 2015\projects\3dgame\release\3dgame.pdb
c:\users\student\documents\visual studio 2015\projects\3dgame\release\3dgame.ipdb
c:\users\student\documents\visual studio 2015\projects\3dgame\release\3dgame.iobj
c:\users\student\documents\visual studio 2015\projects\3dgame\release\3dgame.tlog\cl.command.1.tlog
c:\users\student\documents\visual studio 2015\projects\3dgame\release\3dgame.tlog\cl.read.1.tlog
c:\users\student\documents\visual studio 2015\projects\3dgame\release\3dgame.tlog\cl.write.1.tlog
c:\users\student\documents\visual studio 2015\projects\3dgame\release\3dgame.tlog\link.command.1.tlog
c:\users\student\documents\visual studio 2015\projects\3dgame\release\3dgame.tlog\link.read.1.tlog
c:\users\student\documents\visual studio 2015\projects\3dgame\release\3dgame.tlog\link.write.1.tlog
